Using pre-set license
Built from '2020.3/staging' branch; Version is '2020.3.20f1 (41c4e627c95f) revision 4310246'; Using compiler version '192528614'; Build Type 'Release'
OS: 'Windows 10 Home Single Language; OS build 22000.795; Version 2009; 64bit' Language: 'en' Physical Memory: 15720 MB
BatchMode: 1, IsHumanControllingUs: 0, StartBugReporterOnCrash: 0, Is64bit: 1, IsPro: 0

COMMAND LINE ARGUMENTS:
C:\Program Files\Unity\Hub\Editor\2020.3.20f1\Editor\Unity.exe
-adb2
-batchMode
-noUpm
-name
AssetImportWorker0
-projectPath
D:/NMS Games Pvt Lim/Yolobet/UltraMonster_Development
-logFile
Logs/AssetImportWorker0.log
-srvPort
59230
Successfully changed project path to: D:/NMS Games Pvt Lim/Yolobet/UltraMonster_Development
D:/NMS Games Pvt Lim/Yolobet/UltraMonster_Development
Using Asset Import Pipeline V2.
Refreshing native plugins compatible for Editor in 74.81 ms, found 2 plugins.
Preloading 0 native plugins for Editor in 0.00 ms.
Initialize engine version: 2020.3.20f1 (41c4e627c95f)
[Subsystems] Discovering subsystems at path C:/Program Files/Unity/Hub/Editor/2020.3.20f1/Editor/Data/Resources/UnitySubsystems
[Subsystems] Discovering subsystems at path D:/NMS Games Pvt Lim/Yolobet/UltraMonster_Development/Assets
GfxDevice: creating device client; threaded=0
Direct3D:
    Version:  Direct3D 11.0 [level 11.1]
    Renderer: NVIDIA GeForce RTX 3050 Laptop GPU (ID=0x25a2)
    Vendor:   
    VRAM:     3991 MB
    Driver:   31.0.15.1659
Initialize mono
Mono path[0] = 'C:/Program Files/Unity/Hub/Editor/2020.3.20f1/Editor/Data/Managed'
Mono path[1] = 'C:/Program Files/Unity/Hub/Editor/2020.3.20f1/Editor/Data/MonoBleedingEdge/lib/mono/unityjit'
Mono config path = 'C:/Program Files/Unity/Hub/Editor/2020.3.20f1/Editor/Data/MonoBleedingEdge/etc'
Using monoOptions --debugger-agent=transport=dt_socket,embedding=1,server=y,suspend=n,address=127.0.0.1:56704
Begin MonoManager ReloadAssembly
Registering precompiled unity dll's ...
Register platform support module: C:/Program Files/Unity/Hub/Editor/2020.3.20f1/Editor/Data/PlaybackEngines/WindowsStandaloneSupport/UnityEditor.WindowsStandalone.Extensions.dll
Registered in 0.001829 seconds.
Native extension for WindowsStandalone target not found
Refreshing native plugins compatible for Editor in 72.41 ms, found 2 plugins.
Preloading 0 native plugins for Editor in 0.00 ms.
Mono: successfully reloaded assembly
- Completed reload, in  1.990 seconds
Domain Reload Profiling:
	ReloadAssembly (1990ms)
		BeginReloadAssembly (46ms)
			ExecutionOrderSort (0ms)
			DisableScriptedObjects (0ms)
			BackupInstance (0ms)
			ReleaseScriptingObjects (0ms)
			CreateAndSetChildDomain (1ms)
		EndReloadAssembly (356ms)
			LoadAssemblies (44ms)
			RebuildTransferFunctionScriptingTraits (0ms)
			SetupTypeCache (110ms)
			ReleaseScriptCaches (0ms)
			RebuildScriptCaches (21ms)
			SetupLoadedEditorAssemblies (170ms)
				LogAssemblyErrors (0ms)
				InitializePlatformSupportModulesInManaged (3ms)
				SetLoadedEditorAssemblies (0ms)
				RefreshPlugins (72ms)
				BeforeProcessingInitializeOnLoad (6ms)
				ProcessInitializeOnLoadAttributes (63ms)
				ProcessInitializeOnLoadMethodAttributes (24ms)
				AfterProcessingInitializeOnLoad (0ms)
				EditorAssembliesLoaded (0ms)
			ExecutionOrderSort2 (0ms)
			AwakeInstancesAfterBackupRestoration (0ms)
Platform modules already initialized, skipping
Registering precompiled user dll's ...
Registered in 0.003129 seconds.
Begin MonoManager ReloadAssembly
Native extension for WindowsStandalone target not found
Refreshing native plugins compatible for Editor in 70.44 ms, found 2 plugins.
Preloading 0 native plugins for Editor in 0.00 ms.
Mono: successfully reloaded assembly
- Completed reload, in  1.024 seconds
Domain Reload Profiling:
	ReloadAssembly (1025ms)
		BeginReloadAssembly (115ms)
			ExecutionOrderSort (0ms)
			DisableScriptedObjects (4ms)
			BackupInstance (0ms)
			ReleaseScriptingObjects (0ms)
			CreateAndSetChildDomain (17ms)
		EndReloadAssembly (859ms)
			LoadAssemblies (81ms)
			RebuildTransferFunctionScriptingTraits (0ms)
			SetupTypeCache (269ms)
			ReleaseScriptCaches (1ms)
			RebuildScriptCaches (56ms)
			SetupLoadedEditorAssemblies (368ms)
				LogAssemblyErrors (0ms)
				InitializePlatformSupportModulesInManaged (4ms)
				SetLoadedEditorAssemblies (0ms)
				RefreshPlugins (71ms)
				BeforeProcessingInitializeOnLoad (75ms)
				ProcessInitializeOnLoadAttributes (208ms)
				ProcessInitializeOnLoadMethodAttributes (5ms)
				AfterProcessingInitializeOnLoad (6ms)
				EditorAssembliesLoaded (0ms)
			ExecutionOrderSort2 (0ms)
			AwakeInstancesAfterBackupRestoration (5ms)
Platform modules already initialized, skipping
========================================================================
Worker process is ready to serve import requests
Launched and connected shader compiler UnityShaderCompiler.exe after 0.05 seconds
Refreshing native plugins compatible for Editor in 2.41 ms, found 2 plugins.
Preloading 0 native plugins for Editor in 0.00 ms.
Unloading 3929 Unused Serialized files (Serialized files now loaded: 0)
System memory in use before: 243.6 MB.
System memory in use after: 243.9 MB.

Unloading 19 unused Assets to reduce memory usage. Loaded Objects now: 4380.
Total: 5.225100 ms (FindLiveObjects: 0.528400 ms CreateObjectMapping: 0.342000 ms MarkObjects: 4.209000 ms  DeleteObjects: 0.144200 ms)

AssetImportParameters requested are different than current active one (requested -> active):
  custom:framework-win-MediaFoundation: 216162199b28c13a410421893ffa2e32 -> 
  custom:video-decoder-ogg-theora: a1e56fd34408186e4bbccfd4996cb3dc -> 
  custom:container-muxer-webm: aa71ff27fc2769a1b78a27578f13a17b -> 
  custom:container-demuxer-webm: 4f35f7cbe854078d1ac9338744f61a02 -> 
  custom:container-demuxer-ogg: 62fdf1f143b41e24485cea50d1cbac27 -> 
  custom:video-encoder-webm-vp8: eb34c28f22e8b96e1ab97ce403110664 -> 
  custom:video-codec-MediaFoundation-h265: 746d11721c4dcdbdad8f713fa42b33f4 -> 
  custom:video-decoder-webm-vp8: 9c59270c3fd7afecdb556c50c9e8de78 -> 
  custom:audio-decoder-ogg-vorbis: bf7c407c2cedff20999df2af8eb42d56 -> 
  custom:audio-encoder-webm-vorbis: bf7c407c2cedff20999df2af8eb42d56 -> 
========================================================================
Received Import Request.
  path: Assets/VFX/Wizard/wIZARD MATERIAL.mat
  artifactKey: Guid(8c0d41ce9213acd48b6848cef3004b42) Importer(815301076,1909f56bfc062723c751e8b465ee728b)
Start importing Assets/VFX/Wizard/wIZARD MATERIAL.mat using Guid(8c0d41ce9213acd48b6848cef3004b42) Importer(815301076,1909f56bfc062723c751e8b465ee728b)  -> (artifact id: '06a6b3f6eb121f71a4e1853a14428359') in 0.296651 seconds 
  Import took 0.304707 seconds .

========================================================================
Received Import Request.
  Time since last request: 0.000333 seconds.
  path: Assets/VFX/Wizard/Wizard.vfx
  artifactKey: Guid(74481461ced9a44418788567e6165811) Importer(815301076,1909f56bfc062723c751e8b465ee728b)
Start importing Assets/VFX/Wizard/Wizard.vfx using Guid(74481461ced9a44418788567e6165811) Importer(815301076,1909f56bfc062723c751e8b465ee728b)  -> (artifact id: 'c7520923515c9ba8b078e1893a7b5039') in 0.006988 seconds 
  Import took 0.013193 seconds .

========================================================================
Received Import Request.
  Time since last request: 2.901801 seconds.
  path: Assets/Scenes/Gameplay/MonsterAwaken/Camera Profile.asset
  artifactKey: Guid(d55b766908461d04e8222ea49b195a8d) Importer(815301076,1909f56bfc062723c751e8b465ee728b)
Start importing Assets/Scenes/Gameplay/MonsterAwaken/Camera Profile.asset using Guid(d55b766908461d04e8222ea49b195a8d) Importer(815301076,1909f56bfc062723c751e8b465ee728b)  -> (artifact id: '9cfc47db0c4df4ece9cafa3b61947148') in 0.005095 seconds 
  Import took 0.012554 seconds .

========================================================================
Received Import Request.
  Time since last request: 0.000203 seconds.
  path: Assets/Scenes/Test/Main Camera Profile.asset
  artifactKey: Guid(524b714e2fd895043a328aeda52ab9c6) Importer(815301076,1909f56bfc062723c751e8b465ee728b)
Start importing Assets/Scenes/Test/Main Camera Profile.asset using Guid(524b714e2fd895043a328aeda52ab9c6) Importer(815301076,1909f56bfc062723c751e8b465ee728b)  -> (artifact id: '3908197a073aec3af5ff7b074268f4c2') in 0.002906 seconds 
  Import took 0.009232 seconds .

========================================================================
Received Import Request.
  Time since last request: 0.000171 seconds.
  path: Assets/Scenes/Test 1/Camera Profile.asset
  artifactKey: Guid(8adf00dbbb1ec0740b73e2a7e2961535) Importer(815301076,1909f56bfc062723c751e8b465ee728b)
Start importing Assets/Scenes/Test 1/Camera Profile.asset using Guid(8adf00dbbb1ec0740b73e2a7e2961535) Importer(815301076,1909f56bfc062723c751e8b465ee728b)  -> (artifact id: 'da1e3858e8fe8bbb261a1ff57a9cd658') in 0.002762 seconds 
  Import took 0.008915 seconds .

========================================================================
Received Import Request.
  Time since last request: 0.000182 seconds.
  path: Assets/Scenes/Gameplay/MonsterAwaken/Main Camera Profile 2.asset
  artifactKey: Guid(f0928faa4e0fbcd4f837a92205de3231) Importer(815301076,1909f56bfc062723c751e8b465ee728b)
Start importing Assets/Scenes/Gameplay/MonsterAwaken/Main Camera Profile 2.asset using Guid(f0928faa4e0fbcd4f837a92205de3231) Importer(815301076,1909f56bfc062723c751e8b465ee728b)  -> (artifact id: 'ce4405e02e65c4557b005e125f76ea69') in 0.002387 seconds 
  Import took 0.007075 seconds .

========================================================================
Received Import Request.
  Time since last request: 0.000134 seconds.
  path: Assets/Scenes/Gameplay/MonsterAwaken/Main Camera Profile 3.asset
  artifactKey: Guid(0197158851418a4499fd4dcdc42c27cd) Importer(815301076,1909f56bfc062723c751e8b465ee728b)
Start importing Assets/Scenes/Gameplay/MonsterAwaken/Main Camera Profile 3.asset using Guid(0197158851418a4499fd4dcdc42c27cd) Importer(815301076,1909f56bfc062723c751e8b465ee728b)  -> (artifact id: 'cbf66adc5cf2036d8349c43f4252b401') in 0.002441 seconds 
  Import took 0.008150 seconds .

========================================================================
Received Import Request.
  Time since last request: 0.000223 seconds.
  path: Assets/Scenes/Test 1/Main Camera Profile.asset
  artifactKey: Guid(a55e0bd5ff24a3147b3e3221c72b8047) Importer(815301076,1909f56bfc062723c751e8b465ee728b)
Start importing Assets/Scenes/Test 1/Main Camera Profile.asset using Guid(a55e0bd5ff24a3147b3e3221c72b8047) Importer(815301076,1909f56bfc062723c751e8b465ee728b)  -> (artifact id: 'db641b0e565ee199bb096ad7ba290494') in 0.002317 seconds 
  Import took 0.007887 seconds .

========================================================================
Received Import Request.
  Time since last request: 0.000183 seconds.
  path: Assets/Resources_moved/CharactersSpritesheet/Mermaid 1.png
  artifactKey: Guid(80cb3c1566e0b80438640a43b2b830d2) Importer(815301076,1909f56bfc062723c751e8b465ee728b)
Start importing Assets/Resources_moved/CharactersSpritesheet/Mermaid 1.png using Guid(80cb3c1566e0b80438640a43b2b830d2) Importer(815301076,1909f56bfc062723c751e8b465ee728b)  -> (artifact id: '5eb10d40d9aeaf34ee5b1d36b97414b1') in 0.287562 seconds 
  Import took 0.294470 seconds .

========================================================================
Received Import Request.
  Time since last request: 0.000206 seconds.
  path: Assets/Scenes/Gameplay/MonsterAwaken/Main Camera Profile 1.asset
  artifactKey: Guid(869dcf52d79cfc545ba3644060d06e41) Importer(815301076,1909f56bfc062723c751e8b465ee728b)
Start importing Assets/Scenes/Gameplay/MonsterAwaken/Main Camera Profile 1.asset using Guid(869dcf52d79cfc545ba3644060d06e41) Importer(815301076,1909f56bfc062723c751e8b465ee728b)  -> (artifact id: '517efe50a15c40bab2ad6b780902c78a') in 0.003050 seconds 
  Import took 0.009443 seconds .

========================================================================
Received Import Request.
  Time since last request: 0.000190 seconds.
  path: Assets/Scenes/Gameplay/MonsterAwaken/Main Camera Profile.asset
  artifactKey: Guid(159a8f4731acbed46827c50153eec250) Importer(815301076,1909f56bfc062723c751e8b465ee728b)
Start importing Assets/Scenes/Gameplay/MonsterAwaken/Main Camera Profile.asset using Guid(159a8f4731acbed46827c50153eec250) Importer(815301076,1909f56bfc062723c751e8b465ee728b)  -> (artifact id: '36dfcd1a12271901a142e48db74a96fe') in 0.002235 seconds 
  Import took 0.007344 seconds .

========================================================================
Received Import Request.
  Time since last request: 0.000174 seconds.
  path: Assets/Scenes/Gameplay/MonsterAwaken/Main Camera Profile 4.asset
  artifactKey: Guid(cd23dcd92598f6f4786f81d83c99dbf1) Importer(815301076,1909f56bfc062723c751e8b465ee728b)
Start importing Assets/Scenes/Gameplay/MonsterAwaken/Main Camera Profile 4.asset using Guid(cd23dcd92598f6f4786f81d83c99dbf1) Importer(815301076,1909f56bfc062723c751e8b465ee728b)  -> (artifact id: 'e129b4f2cccae680d0b5f580674528c3') in 0.002582 seconds 
  Import took 0.008183 seconds .

========================================================================
Received Import Request.
  Time since last request: 0.000188 seconds.
  path: Assets/Akash/Obsticles/Mermaid/3/Mermaid.mat
  artifactKey: Guid(66dc39b86f5dba74faca052ab5f51279) Importer(815301076,1909f56bfc062723c751e8b465ee728b)
Start importing Assets/Akash/Obsticles/Mermaid/3/Mermaid.mat using Guid(66dc39b86f5dba74faca052ab5f51279) Importer(815301076,1909f56bfc062723c751e8b465ee728b)  -> (artifact id: 'd2f8cd221db69257ea19c4626d212a76') in 0.147078 seconds 
  Import took 0.152484 seconds .

========================================================================
Received Import Request.
  Time since last request: 2.899575 seconds.
  path: Assets/Resources_moved/prefab/Mermaid/Mermaid2.prefab
  artifactKey: Guid(e9170657e2112b542972ec8960083cd1) Importer(815301076,1909f56bfc062723c751e8b465ee728b)
Start importing Assets/Resources_moved/prefab/Mermaid/Mermaid2.prefab using Guid(e9170657e2112b542972ec8960083cd1) Importer(815301076,1909f56bfc062723c751e8b465ee728b)  -> (artifact id: '94db30a2a205535e72b9f7a30de33c93') in 0.110554 seconds 
  Import took 0.118140 seconds .

========================================================================
Received Import Request.
  Time since last request: 0.000175 seconds.
  path: Assets/Resources_moved/prefab/Mermaid/PinkMermaid.prefab
  artifactKey: Guid(5233cc42ac0db0640b6fe48f014bab91) Importer(815301076,1909f56bfc062723c751e8b465ee728b)
Start importing Assets/Resources_moved/prefab/Mermaid/PinkMermaid.prefab using Guid(5233cc42ac0db0640b6fe48f014bab91) Importer(815301076,1909f56bfc062723c751e8b465ee728b)  -> (artifact id: 'e81b5e57ab6198958ee5d48cf29e779d') in 0.021730 seconds 
  Import took 0.028912 seconds .

========================================================================
Received Import Request.
  Time since last request: 2.608931 seconds.
  path: Assets/Resources_moved/prefab/Dragon.prefab
  artifactKey: Guid(1f2886dba25e2a54f86a628c074116f7) Importer(815301076,1909f56bfc062723c751e8b465ee728b)
Start importing Assets/Resources_moved/prefab/Dragon.prefab using Guid(1f2886dba25e2a54f86a628c074116f7) Importer(815301076,1909f56bfc062723c751e8b465ee728b)  -> (artifact id: 'b3333edf10c4660dc0495e8d2d619fe8') in 0.037328 seconds 
  Import took 0.044180 seconds .

========================================================================
Received Import Request.
  Time since last request: 10.198761 seconds.
  path: Assets/Akash/Obsticles/Mermaid/Base.jpg
  artifactKey: Guid(aa18ad7f711a59642928d8859f2352d2) Importer(815301076,1909f56bfc062723c751e8b465ee728b)
Start importing Assets/Akash/Obsticles/Mermaid/Base.jpg using Guid(aa18ad7f711a59642928d8859f2352d2) Importer(815301076,1909f56bfc062723c751e8b465ee728b)  -> (artifact id: '05e71edda242c672905307f1093dfcf9') in 0.082645 seconds 
  Import took 0.089317 seconds .

========================================================================
Received Import Request.
  Time since last request: 7.831244 seconds.
  path: Assets/Akash/Obsticles/Mermaid/1/1.controller
  artifactKey: Guid(693bf1befd98e8f4ea681aa05e776127) Importer(815301076,1909f56bfc062723c751e8b465ee728b)
Start importing Assets/Akash/Obsticles/Mermaid/1/1.controller using Guid(693bf1befd98e8f4ea681aa05e776127) Importer(815301076,1909f56bfc062723c751e8b465ee728b)  -> (artifact id: '4742bb96c6a2debbe4c876e0ddf12e6b') in 0.017806 seconds 
  Import took 0.024714 seconds .

========================================================================
Received Import Request.
  Time since last request: 40.927421 seconds.
  path: Assets/Resources_moved/CharactersSpritesheet/Mermaid 3.png
  artifactKey: Guid(a7e805e644f9c0047955f8a1bee2173a) Importer(815301076,1909f56bfc062723c751e8b465ee728b)
Start importing Assets/Resources_moved/CharactersSpritesheet/Mermaid 3.png using Guid(a7e805e644f9c0047955f8a1bee2173a) Importer(815301076,1909f56bfc062723c751e8b465ee728b)  -> (artifact id: '323620633d0e94ab5c4553aea0e42a1d') in 0.160382 seconds 
  Import took 0.167363 seconds .

========================================================================
Received Import Request.
  Time since last request: 0.142553 seconds.
  path: Assets/Akash/Obsticles/Mermaid/3/Mermaid_Mermaid_BaseColor.1001.png
  artifactKey: Guid(6baf15a1f716c2b4998647f9064aa1af) Importer(815301076,1909f56bfc062723c751e8b465ee728b)
Start importing Assets/Akash/Obsticles/Mermaid/3/Mermaid_Mermaid_BaseColor.1001.png using Guid(6baf15a1f716c2b4998647f9064aa1af) Importer(815301076,1909f56bfc062723c751e8b465ee728b)  -> (artifact id: 'efa26d76197673b1c42efa88367ba8c9') in 0.054206 seconds 
  Import took 0.061738 seconds .

========================================================================
Received Import Request.
  Time since last request: 0.313736 seconds.
  path: Assets/Akash/Obsticles/Mermaid/3/Mermaid_Mermaid_Roughness.1001.png
  artifactKey: Guid(801f60bd5d9901d4889d93f3b1a0269d) Importer(815301076,1909f56bfc062723c751e8b465ee728b)
Start importing Assets/Akash/Obsticles/Mermaid/3/Mermaid_Mermaid_Roughness.1001.png using Guid(801f60bd5d9901d4889d93f3b1a0269d) Importer(815301076,1909f56bfc062723c751e8b465ee728b)  -> (artifact id: '74be3fa83a418170f6872cf1385bef57') in 0.052369 seconds 
  Import took 0.059789 seconds .

========================================================================
Received Import Request.
  Time since last request: 31.111103 seconds.
  path: Assets/Akash/Obsticles/Mermaid/2/bikini_elf_t00.png
  artifactKey: Guid(9975086f8ba764641a62657b8ebe5413) Importer(815301076,1909f56bfc062723c751e8b465ee728b)
Start importing Assets/Akash/Obsticles/Mermaid/2/bikini_elf_t00.png using Guid(9975086f8ba764641a62657b8ebe5413) Importer(815301076,1909f56bfc062723c751e8b465ee728b)  -> (artifact id: 'dd9768935413295ca4f5251ff800ea06') in 0.012975 seconds 
  Import took 0.019821 seconds .

========================================================================
Received Import Request.
  Time since last request: 0.000175 seconds.
  path: Assets/Akash/Obsticles/Mermaid/2/bikini_elf_t01.png
  artifactKey: Guid(17cc8c398ea8a3b409302fc956c6f092) Importer(815301076,1909f56bfc062723c751e8b465ee728b)
Start importing Assets/Akash/Obsticles/Mermaid/2/bikini_elf_t01.png using Guid(17cc8c398ea8a3b409302fc956c6f092) Importer(815301076,1909f56bfc062723c751e8b465ee728b)  -> (artifact id: '85fc8e817f157be7a18214a643021872') in 0.012034 seconds 
  Import took 0.018654 seconds .

AssetImportWorkerClient::OnTransportError - code=2 error=End of file
